<?xml version="1.0" encoding="UTF-8"?>
<!-- Generated by org.testng.reporters.JUnitReportReporter -->
<testsuite hostname="Asus_TUF" failures="0" tests="1" name="com.shubham.Product1.tests.Demo_Test" time="1.241" errors="0" timestamp="11 Jan 2023 19:18:43 GMT" skipped="0">
  <testcase classname="com.shubham.Product1.tests.Demo_Test" name="Test01_Launch_Google" time="1.241"/>
</testsuite> <!-- com.shubham.Product1.tests.Demo_Test -->
